  Building Custom Rule C:/Users/mateu/Documents/GitHub/OpenGL_Projects/Libraries-source/gls/CMakeLists.txt
  CMake is re-running because C:\Users\mateu\Documents\GitHub\OpenGL_Projects\Libraries-build\gls-vsbuild\CMakeFiles\generate.stamp dependency file is missing.
CUSTOMBUILD : CMake error : The following variables are used in this project, but they are set to NOTFOUND.
  Please set them or make sure they are set and tested correctly in the CMake files:
  ASSIMP_INCLUDE_DIR
     used as include directory in directory C:/Users/mateu/Documents/GitHub/OpenGL_Projects/Libraries-source/gls
  CGM_INCLUDE_DIR
     used as include directory in directory C:/Users/mateu/Documents/GitHub/OpenGL_Projects/Libraries-source/gls
  GLEW_INCLUDE_DIR
     used as include directory in directory C:/Users/mateu/Documents/GitHub/OpenGL_Projects/Libraries-source/gls
  GLEW_LIBRARY
      linked by target "gls" in directory C:/Users/mateu/Documents/GitHub/OpenGL_Projects/Libraries-source/gls
  GLFW_INCLUDE_DIR
     used as include directory in directory C:/Users/mateu/Documents/GitHub/OpenGL_Projects/Libraries-source/gls
  GLFW_LIBRARY
      linked by target "gls" in directory C:/Users/mateu/Documents/GitHub/OpenGL_Projects/Libraries-source/gls
  SOIL_INCLUDE_DIR
     used as include directory in directory C:/Users/mateu/Documents/GitHub/OpenGL_Projects/Libraries-source/gls
  
  -- Configuring incomplete, errors occurred!
  See also "C:/Users/mateu/Documents/GitHub/OpenGL_Projects/Libraries-build/gls-vsbuild/CMakeFiles/CMakeOutput.log".
