cgm.lib(vec3.obj) : error LNK2038: mismatch detected for '_ITERATOR_DEBUG_LEVEL': value '2' doesn't match value '0' in model_loader.obj
cgm.lib(vec3.obj) : error LNK2038: mismatch detected for 'RuntimeLibrary': value 'MDd_DynamicDebug' doesn't match value 'MD_DynamicRelease' in model_loader.obj
cgm.lib(vector_operations.obj) : error LNK2038: mismatch detected for '_ITERATOR_DEBUG_LEVEL': value '2' doesn't match value '0' in model_loader.obj
cgm.lib(vector_operations.obj) : error LNK2038: mismatch detected for 'RuntimeLibrary': value 'MDd_DynamicDebug' doesn't match value 'MD_DynamicRelease' in model_loader.obj
cgm.lib(matrix_transform.obj) : error LNK2038: mismatch detected for '_ITERATOR_DEBUG_LEVEL': value '2' doesn't match value '0' in model_loader.obj
cgm.lib(matrix_transform.obj) : error LNK2038: mismatch detected for 'RuntimeLibrary': value 'MDd_DynamicDebug' doesn't match value 'MD_DynamicRelease' in model_loader.obj
cgm.lib(mat4.obj) : error LNK2038: mismatch detected for '_ITERATOR_DEBUG_LEVEL': value '2' doesn't match value '0' in model_loader.obj
cgm.lib(mat4.obj) : error LNK2038: mismatch detected for 'RuntimeLibrary': value 'MDd_DynamicDebug' doesn't match value 'MD_DynamicRelease' in model_loader.obj
cgs.lib(Transform.obj) : error LNK2038: mismatch detected for '_ITERATOR_DEBUG_LEVEL': value '2' doesn't match value '0' in model_loader.obj
cgs.lib(Transform.obj) : error LNK2038: mismatch detected for 'RuntimeLibrary': value 'MDd_DynamicDebug' doesn't match value 'MD_DynamicRelease' in model_loader.obj
cgs.lib(Camera.obj) : error LNK2038: mismatch detected for '_ITERATOR_DEBUG_LEVEL': value '2' doesn't match value '0' in model_loader.obj
cgs.lib(Camera.obj) : error LNK2038: mismatch detected for 'RuntimeLibrary': value 'MDd_DynamicDebug' doesn't match value 'MD_DynamicRelease' in model_loader.obj
cgs.lib(Euler.obj) : error LNK2038: mismatch detected for '_ITERATOR_DEBUG_LEVEL': value '2' doesn't match value '0' in model_loader.obj
cgs.lib(Euler.obj) : error LNK2038: mismatch detected for 'RuntimeLibrary': value 'MDd_DynamicDebug' doesn't match value 'MD_DynamicRelease' in model_loader.obj
gls.lib(Shader.obj) : error LNK2038: mismatch detected for '_ITERATOR_DEBUG_LEVEL': value '2' doesn't match value '0' in model_loader.obj
gls.lib(Shader.obj) : error LNK2038: mismatch detected for 'RuntimeLibrary': value 'MDd_DynamicDebug' doesn't match value 'MD_DynamicRelease' in model_loader.obj
gls.lib(Mesh.obj) : error LNK2038: mismatch detected for '_ITERATOR_DEBUG_LEVEL': value '2' doesn't match value '0' in model_loader.obj
gls.lib(Mesh.obj) : error LNK2038: mismatch detected for 'RuntimeLibrary': value 'MDd_DynamicDebug' doesn't match value 'MD_DynamicRelease' in model_loader.obj
gls.lib(Model.obj) : error LNK2038: mismatch detected for '_ITERATOR_DEBUG_LEVEL': value '2' doesn't match value '0' in model_loader.obj
gls.lib(Model.obj) : error LNK2038: mismatch detected for 'RuntimeLibrary': value 'MDd_DynamicDebug' doesn't match value 'MD_DynamicRelease' in model_loader.obj
gls.lib(Texture.obj) : error LNK2038: mismatch detected for '_ITERATOR_DEBUG_LEVEL': value '2' doesn't match value '0' in model_loader.obj
gls.lib(Texture.obj) : error LNK2038: mismatch detected for 'RuntimeLibrary': value 'MDd_DynamicDebug' doesn't match value 'MD_DynamicRelease' in model_loader.obj
SOIL.lib(SOIL.obj) : warning LNK4075: ignoring '/EDITANDCONTINUE' due to '/OPT:ICF' specification
cgm.lib(vec2.obj) : error LNK2038: mismatch detected for '_ITERATOR_DEBUG_LEVEL': value '2' doesn't match value '0' in model_loader.obj
cgm.lib(vec2.obj) : error LNK2038: mismatch detected for 'RuntimeLibrary': value 'MDd_DynamicDebug' doesn't match value 'MD_DynamicRelease' in model_loader.obj
LINK : warning LNK4098: defaultlib 'MSVCRTD' conflicts with use of other libs; use /NODEFAULTLIB:library
LINK : warning LNK4098: defaultlib 'LIBCMT' conflicts with use of other libs; use /NODEFAULTLIB:library
gls.lib(Shader.obj) : error LNK2019: unresolved external symbol __imp___invalid_parameter referenced in function "public: char & __thiscall std::vector<char,class std::allocator<char> >::operator[](unsigned int)" (??A?$vector@DV?$allocator@D@std@@@std@@QAEAADI@Z)
gls.lib(Mesh.obj) : error LNK2001: unresolved external symbol __imp___invalid_parameter
gls.lib(Model.obj) : error LNK2001: unresolved external symbol __imp___invalid_parameter
gls.lib(Texture.obj) : error LNK2001: unresolved external symbol __imp___invalid_parameter
gls.lib(Shader.obj) : error LNK2019: unresolved external symbol __imp___CrtDbgReportW referenced in function "public: char & __thiscall std::vector<char,class std::allocator<char> >::operator[](unsigned int)" (??A?$vector@DV?$allocator@D@std@@@std@@QAEAADI@Z)
gls.lib(Mesh.obj) : error LNK2001: unresolved external symbol __imp___CrtDbgReportW
gls.lib(Model.obj) : error LNK2001: unresolved external symbol __imp___CrtDbgReportW
gls.lib(Texture.obj) : error LNK2001: unresolved external symbol __imp___CrtDbgReportW
C:\Users\mateu\Documents\GitHub\OpenGL_Projects\Applications-build\model_loader-vsbuild\Release\model_loader.exe : fatal error LNK1120: 2 unresolved externals
